TN:
SF:G:\_projects\epic-mail\server/app.js
FN:21,(anonymous_1)
FNF:1
FNH:0
FNDA:0,(anonymous_1)
DA:1,1
DA:2,1
DA:3,1
DA:4,1
DA:5,1
DA:6,1
DA:7,1
DA:10,1
DA:13,1
DA:15,1
DA:16,1
DA:19,1
DA:21,1
DA:22,0
DA:24,1
DA:26,1
DA:28,1
DA:30,1
LF:18
LH:17
BRDA:26,0,0,1
BRDA:26,0,1,1
BRF:2
BRH:2
end_of_record
TN:
SF:G:\_projects\epic-mail\server\controllers/group.js
FN:5,(anonymous_7)
FNF:1
FNH:1
FNDA:39,(anonymous_7)
DA:1,1
DA:2,1
DA:3,1
DA:5,127
DA:11,1
DA:14,1
DA:16,1
DA:23,0
DA:31,1
DA:33,1
DA:48,1
DA:49,1
DA:51,1
DA:55,1
DA:58,1
DA:73,1
DA:75,1
DA:98,1
DA:99,1
DA:100,1
DA:102,1
DA:104,1
DA:106,0
DA:108,0
DA:119,1
DA:120,1
DA:122,1
DA:137,0
DA:138,0
DA:143,0
DA:165,1
LF:31
LH:25
BRDA:5,0,0,3
BRDA:5,0,1,3
BRDA:5,0,2,1
BRDA:5,0,3,0
BRDA:5,0,4,0
BRDA:5,0,5,3
BRDA:5,1,0,4
BRDA:5,1,1,3
BRDA:8,2,0,1
BRDA:8,2,1,1
BRDA:8,2,2,1
BRDA:5,3,0,1
BRDA:5,3,1,1
BRDA:5,3,2,0
BRDA:5,3,3,0
BRDA:5,3,4,1
BRDA:5,4,0,1
BRDA:5,4,1,1
BRDA:5,4,2,1
BRDA:5,4,3,1
BRDA:5,4,4,0
BRDA:5,4,5,0
BRDA:5,4,6,1
BRDA:55,5,0,1
BRDA:55,5,1,0
BRDA:5,6,0,1
BRDA:5,6,1,1
BRDA:5,6,2,1
BRDA:5,6,3,1
BRDA:5,6,4,1
BRDA:5,6,5,0
BRDA:5,6,6,0
BRDA:5,6,7,0
BRDA:5,6,8,0
BRDA:5,6,9,0
BRDA:5,6,10,1
BRDA:5,7,0,0
BRDA:5,7,1,0
BRDA:5,7,2,0
BRDA:5,7,3,0
BRDA:5,7,4,0
BRDA:5,7,5,0
BRDA:5,7,6,0
BRDA:5,7,7,0
BRF:44
BRH:24
end_of_record
TN:
SF:G:\_projects\epic-mail\server\controllers/message.js
FN:5,(anonymous_11)
FNF:1
FNH:1
FNDA:39,(anonymous_11)
DA:1,1
DA:2,1
DA:3,1
DA:5,130
DA:17,1
DA:21,1
DA:23,1
DA:39,1
DA:41,1
DA:68,1
DA:69,1
DA:74,1
DA:101,1
DA:103,1
DA:130,1
DA:131,1
DA:133,1
DA:137,0
DA:138,0
DA:159,1
DA:160,1
DA:161,1
DA:163,1
DA:164,1
DA:165,1
DA:166,1
DA:167,1
DA:168,1
DA:186,1
LF:29
LH:27
BRDA:5,0,0,2
BRDA:5,0,1,2
BRDA:5,0,2,1
BRDA:5,0,3,0
BRDA:5,0,4,0
BRDA:5,0,5,0
BRDA:5,0,6,2
BRDA:5,1,0,4
BRDA:5,1,1,1
BRDA:5,2,0,3
BRDA:5,2,1,3
BRDA:5,2,2,3
BRDA:5,2,3,0
BRDA:5,2,4,0
BRDA:5,2,5,3
BRDA:5,3,0,1
BRDA:5,3,1,1
BRDA:5,3,2,1
BRDA:5,3,3,1
BRDA:5,3,4,0
BRDA:5,3,5,1
BRDA:5,3,6,0
BRDA:5,3,7,1
BRDA:169,4,0,1
BRDA:169,4,1,0
BRDA:169,4,2,0
BRF:26
BRH:17
end_of_record
TN:
SF:G:\_projects\epic-mail\server\controllers/user.js
FN:5,(anonymous_7)
FNF:1
FNH:1
FNDA:36,(anonymous_7)
DA:1,1
DA:2,1
DA:3,1
DA:5,119
DA:18,1
DA:19,1
DA:21,1
DA:23,1
DA:24,1
DA:27,0
DA:44,1
DA:46,1
DA:53,1
DA:61,1
LF:14
LH:13
BRDA:5,0,0,7
BRDA:5,0,1,1
BRDA:5,0,2,1
BRDA:5,0,3,0
BRDA:5,0,4,0
BRDA:5,0,5,0
BRDA:5,0,6,7
BRDA:5,1,0,4
BRDA:5,1,1,6
BRDA:5,2,0,1
BRDA:5,2,1,1
BRDA:5,2,2,1
BRDA:5,2,3,1
BRDA:5,2,4,1
BRDA:5,2,5,0
BRDA:5,2,6,0
BRDA:5,2,7,1
BRF:17
BRH:12
end_of_record
TN:
SF:G:\_projects\epic-mail\server\db/index.js
FN:25,query
FN:33,(anonymous_2)
FN:35,(anonymous_3)
FN:38,(anonymous_4)
FNF:4
FNH:0
FNDA:0,query
FNDA:0,(anonymous_2)
FNDA:0,(anonymous_3)
FNDA:0,(anonymous_4)
DA:1,1
DA:2,1
DA:4,1
DA:6,1
DA:8,1
DA:9,0
DA:13,1
DA:14,1
DA:18,1
DA:19,0
DA:24,1
DA:25,1
DA:33,0
DA:34,0
DA:36,0
DA:39,0
LF:16
LH:10
BRDA:8,0,0,0
BRDA:8,0,1,1
BRDA:13,1,0,1
BRDA:13,1,1,0
BRDA:18,2,0,0
BRDA:18,2,1,1
BRF:6
BRH:3
end_of_record
TN:
SF:G:\_projects\epic-mail\server\helpers/helpers.js
FN:6,hashPassword
FNF:1
FNH:1
FNDA:14,hashPassword
DA:1,1
DA:2,1
DA:3,1
DA:4,1
DA:6,1
DA:13,1
DA:22,1
DA:30,2
DA:41,2
DA:45,2
DA:49,7
DA:55,7
DA:56,7
DA:57,1
DA:59,7
DA:60,7
DA:61,7
DA:62,2
DA:64,7
DA:65,7
DA:66,0
DA:68,7
DA:69,1
DA:71,7
DA:72,7
DA:73,7
DA:76,1
DA:83,1
DA:84,1
DA:87,1
DA:88,0
DA:91,1
DA:92,0
DA:95,1
DA:96,0
DA:99,1
DA:107,1
LF:37
LH:33
BRDA:55,0,0,0
BRDA:55,0,1,7
BRDA:55,1,0,7
BRDA:55,1,1,7
BRDA:56,2,0,1
BRDA:56,2,1,6
BRDA:56,3,0,7
BRDA:56,3,1,7
BRDA:59,4,0,0
BRDA:59,4,1,7
BRDA:59,5,0,7
BRDA:59,5,1,7
BRDA:60,6,0,2
BRDA:60,6,1,5
BRDA:60,7,0,7
BRDA:60,7,1,6
BRDA:61,8,0,2
BRDA:61,8,1,5
BRDA:61,9,0,7
BRDA:61,9,1,6
BRDA:61,9,2,6
BRDA:64,10,0,0
BRDA:64,10,1,7
BRDA:65,11,0,0
BRDA:65,11,1,7
BRDA:68,12,0,1
BRDA:68,12,1,6
BRDA:68,13,0,7
BRDA:68,13,1,7
BRDA:71,14,0,0
BRDA:71,14,1,7
BRDA:72,15,0,1
BRDA:72,15,1,6
BRDA:83,16,0,0
BRDA:83,16,1,1
BRDA:84,17,0,0
BRDA:84,17,1,1
BRDA:87,18,0,0
BRDA:87,18,1,1
BRDA:91,19,0,0
BRDA:91,19,1,1
BRDA:95,20,0,0
BRDA:95,20,1,1
BRF:43
BRH:33
end_of_record
TN:
SF:G:\_projects\epic-mail\server\helpers/isValueEmply.js
FN:2,isValueEmpty
FNF:1
FNH:1
FNDA:59,isValueEmpty
DA:2,1
DA:3,59
DA:7,4
DA:11,1
LF:4
LH:4
BRDA:3,0,0,4
BRDA:3,0,1,55
BRDA:3,1,0,59
BRDA:3,1,1,59
BRDA:3,1,2,59
BRDA:3,1,3,59
BRDA:3,1,4,8
BRDA:3,1,5,57
BRDA:3,1,6,51
BRF:9
BRH:9
end_of_record
TN:
SF:G:\_projects\epic-mail\server\middleware/auth.js
FN:4,(anonymous_7)
FNF:1
FNH:1
FNDA:61,(anonymous_7)
DA:1,1
DA:2,1
DA:4,315
DA:13,12
DA:18,12
DA:19,12
DA:20,12
DA:24,12
DA:25,12
DA:35,1
LF:10
LH:10
BRDA:4,0,0,12
BRDA:4,0,1,12
BRDA:4,0,2,12
BRDA:4,0,3,12
BRDA:4,0,4,12
BRDA:4,0,5,0
BRDA:4,0,6,12
BRDA:4,0,7,12
BRDA:4,1,0,24
BRDA:4,1,1,0
BRF:10
BRH:8
end_of_record
TN:
SF:G:\_projects\epic-mail\server\routes/index.js
FNF:0
FNH:0
DA:1,1
DA:2,1
DA:3,1
DA:4,1
DA:5,1
DA:7,1
DA:10,1
DA:13,1
DA:16,1
DA:19,1
DA:22,1
DA:25,1
DA:28,1
DA:31,1
DA:34,1
DA:37,1
DA:40,1
DA:43,1
DA:46,1
DA:49,1
DA:52,1
DA:54,1
LF:22
LH:22
BRF:0
BRH:0
end_of_record
