TN:
SF:G:\_projects\epic-mail/app.js
FNF:0
FNH:0
DA:1,1
DA:2,1
DA:3,1
DA:6,1
DA:9,1
DA:10,1
DA:13,1
DA:15,1
DA:17,1
DA:19,1
LF:10
LH:10
BRDA:15,0,0,1
BRDA:15,0,1,1
BRF:2
BRH:2
end_of_record
TN:
SF:G:\_projects\epic-mail\server\controllers/messages.js
FN:61,(anonymous_9)
FN:82,(anonymous_11)
FN:103,(anonymous_13)
FN:126,(anonymous_15)
FNF:4
FNH:3
FNDA:3,(anonymous_9)
FNDA:3,(anonymous_11)
FNDA:2,(anonymous_13)
FNDA:0,(anonymous_15)
DA:1,1
DA:2,1
DA:12,1
DA:13,1
DA:14,1
DA:15,0
DA:20,1
DA:21,1
DA:32,1
DA:33,1
DA:47,1
DA:61,3
DA:62,1
DA:63,1
DA:69,0
DA:82,3
DA:83,1
DA:84,1
DA:90,0
DA:103,2
DA:105,2
DA:106,2
DA:113,0
DA:126,0
DA:127,0
DA:128,0
DA:129,0
DA:136,0
DA:143,1
LF:29
LH:20
BRDA:14,0,0,0
BRDA:14,0,1,1
BRDA:61,1,0,3
BRDA:61,1,1,2
BRDA:62,2,0,1
BRDA:62,2,1,0
BRDA:83,3,0,1
BRDA:83,3,1,0
BRDA:105,4,0,2
BRDA:105,4,1,0
BRDA:128,5,0,0
BRDA:128,5,1,0
BRF:12
BRH:6
end_of_record
TN:
SF:G:\_projects\epic-mail\server\controllers/users.js
FN:23,(anonymous_11)
FN:33,(anonymous_12)
FN:69,(anonymous_14)
FNF:3
FNH:3
FNDA:1,(anonymous_11)
FNDA:1,(anonymous_12)
FNDA:1,(anonymous_14)
DA:1,1
DA:2,1
DA:3,1
DA:4,1
DA:5,1
DA:14,6
DA:15,6
DA:16,6
DA:17,6
DA:18,5
DA:23,1
DA:24,1
DA:25,0
DA:32,1
DA:33,1
DA:34,1
DA:43,1
DA:44,1
DA:59,2
DA:60,2
DA:61,2
DA:62,2
DA:63,1
DA:69,1
DA:70,1
DA:71,1
DA:72,1
DA:73,1
DA:74,1
DA:81,0
DA:88,1
LF:31
LH:29
BRDA:17,0,0,5
BRDA:17,0,1,1
BRDA:24,1,0,0
BRDA:24,1,1,1
BRDA:62,2,0,1
BRDA:62,2,1,1
BRDA:70,3,0,1
BRDA:70,3,1,0
BRDA:72,4,0,1
BRDA:72,4,1,0
BRF:10
BRH:7
end_of_record
TN:
SF:G:\_projects\epic-mail\server\db/messagesDb.js
FNF:0
FNH:0
DA:1,1
DA:26,1
LF:2
LH:2
BRF:0
BRH:0
end_of_record
TN:
SF:G:\_projects\epic-mail\server\db/usersDb.js
FNF:0
FNH:0
DA:1,1
DA:22,1
LF:2
LH:2
BRF:0
BRH:0
end_of_record
TN:
SF:G:\_projects\epic-mail\server\helpers/isValueEmpty.js
FN:2,isValueEmpty
FNF:1
FNH:1
FNDA:59,isValueEmpty
DA:2,1
DA:3,59
DA:9,9
DA:13,1
LF:4
LH:4
BRDA:3,0,0,9
BRDA:3,0,1,50
BRDA:3,1,0,59
BRDA:3,1,1,55
BRDA:3,1,2,55
BRDA:3,1,3,55
BRDA:3,1,4,9
BRDA:3,1,5,52
BRDA:3,1,6,46
BRF:9
BRH:9
end_of_record
TN:
SF:G:\_projects\epic-mail\server\helpers/validateCreateUser.js
FN:4,validateCreateUser
FNF:1
FNH:1
FNDA:6,validateCreateUser
DA:1,1
DA:2,1
DA:4,1
DA:5,6
DA:13,6
DA:14,0
DA:17,6
DA:19,1
DA:22,6
DA:23,0
DA:26,6
DA:27,2
DA:29,6
DA:32,2
DA:35,6
DA:36,0
DA:39,6
DA:40,0
DA:43,6
DA:44,0
DA:47,6
DA:48,4
DA:51,6
DA:52,5
DA:55,6
DA:61,1
LF:26
LH:21
BRDA:13,0,0,0
BRDA:13,0,1,6
BRDA:13,1,0,6
BRDA:13,1,1,6
BRDA:17,2,0,1
BRDA:17,2,1,5
BRDA:17,3,0,6
BRDA:17,3,1,6
BRDA:22,4,0,0
BRDA:22,4,1,6
BRDA:22,5,0,6
BRDA:22,5,1,6
BRDA:26,6,0,2
BRDA:26,6,1,4
BRDA:26,7,0,6
BRDA:26,7,1,5
BRDA:29,8,0,2
BRDA:29,8,1,4
BRDA:29,9,0,6
BRDA:29,9,1,5
BRDA:29,9,2,5
BRDA:35,10,0,0
BRDA:35,10,1,6
BRDA:39,11,0,0
BRDA:39,11,1,6
BRDA:43,12,0,0
BRDA:43,12,1,6
BRDA:43,13,0,6
BRDA:43,13,1,6
BRDA:47,14,0,4
BRDA:47,14,1,2
BRDA:51,15,0,5
BRDA:51,15,1,1
BRF:33
BRH:28
end_of_record
TN:
SF:G:\_projects\epic-mail\server\helpers/validateMessage.js
FN:4,validateMessage
FNF:1
FNH:1
FNDA:1,validateMessage
DA:1,1
DA:2,1
DA:4,1
DA:5,1
DA:13,1
DA:14,0
DA:17,1
DA:18,0
DA:21,1
DA:22,0
DA:25,1
DA:27,0
DA:30,1
DA:36,1
LF:14
LH:10
BRDA:13,0,0,0
BRDA:13,0,1,1
BRDA:13,1,0,1
BRDA:13,1,1,1
BRDA:17,2,0,0
BRDA:17,2,1,1
BRDA:17,3,0,1
BRDA:17,3,1,1
BRDA:21,4,0,0
BRDA:21,4,1,1
BRDA:21,5,0,1
BRDA:21,5,1,1
BRDA:25,6,0,0
BRDA:25,6,1,1
BRDA:25,7,0,1
BRDA:25,7,1,1
BRDA:25,7,2,1
BRF:17
BRH:13
end_of_record
TN:
SF:G:\_projects\epic-mail\server\helpers/validateUserLogin.js
FN:4,validateUserLogin
FNF:1
FNH:1
FNDA:2,validateUserLogin
DA:1,1
DA:2,1
DA:4,1
DA:5,2
DA:12,2
DA:13,2
DA:16,2
DA:17,1
DA:20,2
DA:21,0
DA:24,2
DA:25,0
DA:28,2
DA:34,1
LF:14
LH:12
BRDA:12,0,0,0
BRDA:12,0,1,2
BRDA:13,1,0,0
BRDA:13,1,1,2
BRDA:16,2,0,1
BRDA:16,2,1,1
BRDA:20,3,0,0
BRDA:20,3,1,2
BRDA:24,4,0,0
BRDA:24,4,1,2
BRF:10
BRH:6
end_of_record
TN:
SF:G:\_projects\epic-mail\server\routes/index.js
FNF:0
FNH:0
DA:1,1
DA:2,1
DA:3,1
DA:5,1
DA:7,1
DA:8,1
DA:9,1
DA:10,1
DA:11,1
DA:12,1
DA:13,1
DA:14,1
DA:17,1
LF:13
LH:13
BRF:0
BRH:0
end_of_record
