TN:
SF:g:\_projects\epic-mail\dist\app.js
FN:24,_interopRequireDefault
FN:37,(anonymous_1)
FNF:2
FNH:0
FNDA:0,_interopRequireDefault
FNDA:0,(anonymous_1)
DA:3,0
DA:6,0
DA:8,0
DA:10,0
DA:12,0
DA:14,0
DA:16,0
DA:18,0
DA:20,0
DA:22,0
DA:24,0
DA:26,0
DA:30,0
DA:31,0
DA:32,0
DA:36,0
DA:37,0
DA:38,0
DA:40,0
DA:41,0
DA:42,0
DA:43,0
DA:44,0
LF:23
LH:0
BRDA:24,0,0,0
BRDA:24,0,1,0
BRDA:24,1,0,0
BRDA:24,1,1,0
BRDA:41,2,0,0
BRDA:41,2,1,0
BRF:6
BRH:0
end_of_record
TN:
SF:g:\_projects\epic-mail\dist\routes\index.js
FN:13,_interopRequireDefault
FNF:1
FNH:0
FNDA:0,_interopRequireDefault
DA:3,0
DA:5,0
DA:7,0
DA:9,0
DA:11,0
DA:13,0
DA:15,0
DA:18,0
DA:20,0
DA:22,0
DA:24,0
DA:26,0
DA:28,0
DA:30,0
DA:32,0
DA:34,0
DA:36,0
DA:38,0
DA:40,0
DA:42,0
DA:44,0
DA:46,0
DA:47,0
LF:23
LH:0
BRDA:13,0,0,0
BRDA:13,0,1,0
BRDA:13,1,0,0
BRDA:13,1,1,0
BRF:4
BRH:0
end_of_record
TN:
SF:g:\_projects\epic-mail\dist\v2\controllers\group.js
FN:14,_interopRequireDefault
FN:16,asyncGeneratorStep
FN:18,_asyncToGenerator
FN:18,(anonymous_3)
FN:18,(anonymous_4)
FN:18,_next
FN:18,_throw
FN:27,(anonymous_7)
FN:30,_callee
FN:33,_callee$
FN:69,createGroup
FN:82,(anonymous_11)
FN:85,_callee2
FN:88,_callee2$
FN:127,getAllGroups
FN:140,(anonymous_15)
FN:143,_callee3
FN:146,_callee3$
FN:200,editGroupName
FN:213,(anonymous_19)
FN:216,_callee4
FN:219,_callee4$
FN:265,deleteGroup
FN:278,(anonymous_23)
FN:281,_callee5
FN:284,_callee5$
FN:380,addUserToGroup
FN:393,(anonymous_27)
FN:396,_callee6
FN:399,_callee6$
FN:447,deleteUserGroup
FN:460,(anonymous_31)
FN:463,_callee7
FN:465,_callee7$
FN:493,asyncforEach
FN:499,(anonymous_35)
FN:502,_callee9
FN:505,_callee9$
FN:546,(anonymous_38)
FN:549,_callee8
FN:550,_callee8$
FN:565,(anonymous_41)
FN:606,sendMailGroup
FNF:43
FNH:0
FNDA:0,_interopRequireDefault
FNDA:0,asyncGeneratorStep
FNDA:0,_asyncToGenerator
FNDA:0,(anonymous_3)
FNDA:0,(anonymous_4)
FNDA:0,_next
FNDA:0,_throw
FNDA:0,(anonymous_7)
FNDA:0,_callee
FNDA:0,_callee$
FNDA:0,createGroup
FNDA:0,(anonymous_11)
FNDA:0,_callee2
FNDA:0,_callee2$
FNDA:0,getAllGroups
FNDA:0,(anonymous_15)
FNDA:0,_callee3
FNDA:0,_callee3$
FNDA:0,editGroupName
FNDA:0,(anonymous_19)
FNDA:0,_callee4
FNDA:0,_callee4$
FNDA:0,deleteGroup
FNDA:0,(anonymous_23)
FNDA:0,_callee5
FNDA:0,_callee5$
FNDA:0,addUserToGroup
FNDA:0,(anonymous_27)
FNDA:0,_callee6
FNDA:0,_callee6$
FNDA:0,deleteUserGroup
FNDA:0,(anonymous_31)
FNDA:0,_callee7
FNDA:0,_callee7$
FNDA:0,asyncforEach
FNDA:0,(anonymous_35)
FNDA:0,_callee9
FNDA:0,_callee9$
FNDA:0,(anonymous_38)
FNDA:0,_callee8
FNDA:0,_callee8$
FNDA:0,(anonymous_41)
FNDA:0,sendMailGroup
DA:3,0
DA:6,0
DA:8,0
DA:10,0
DA:12,0
DA:14,0
DA:16,0
DA:18,0
DA:20,0
DA:28,0
DA:33,0
DA:34,0
DA:35,0
DA:37,0
DA:38,0
DA:39,0
DA:40,0
DA:41,0
DA:42,0
DA:45,0
DA:46,0
DA:47,0
DA:54,0
DA:55,0
DA:56,0
DA:63,0
DA:70,0
DA:73,0
DA:83,0
DA:88,0
DA:89,0
DA:90,0
DA:92,0
DA:93,0
DA:94,0
DA:95,0
DA:98,0
DA:99,0
DA:100,0
DA:101,0
DA:111,0
DA:112,0
DA:113,0
DA:121,0
DA:128,0
DA:131,0
DA:141,0
DA:146,0
DA:147,0
DA:148,0
DA:150,0
DA:151,0
DA:152,0
DA:153,0
DA:154,0
DA:157,0
DA:158,0
DA:160,0
DA:161,0
DA:162,0
DA:165,0
DA:171,0
DA:172,0
DA:173,0
DA:176,0
DA:177,0
DA:184,0
DA:185,0
DA:186,0
DA:194,0
DA:201,0
DA:204,0
DA:214,0
DA:219,0
DA:220,0
DA:221,0
DA:223,0
DA:224,0
DA:225,0
DA:226,0
DA:229,0
DA:230,0
DA:232,0
DA:233,0
DA:234,0
DA:237,0
DA:243,0
DA:249,0
DA:250,0
DA:251,0
DA:259,0
DA:266,0
DA:269,0
DA:279,0
DA:284,0
DA:285,0
DA:286,0
DA:288,0
DA:289,0
DA:290,0
DA:293,0
DA:299,0
DA:300,0
DA:301,0
DA:302,0
DA:303,0
DA:306,0
DA:307,0
DA:309,0
DA:310,0
DA:311,0
DA:314,0
DA:320,0
DA:321,0
DA:324,0
DA:326,0
DA:327,0
DA:328,0
DA:331,0
DA:337,0
DA:338,0
DA:339,0
DA:340,0
DA:343,0
DA:344,0
DA:345,0
DA:352,0
DA:353,0
DA:355,0
DA:356,0
DA:357,0
DA:360,0
DA:366,0
DA:374,0
DA:381,0
DA:384,0
DA:394,0
DA:399,0
DA:400,0
DA:401,0
DA:403,0
DA:404,0
DA:405,0
DA:406,0
DA:407,0
DA:408,0
DA:411,0
DA:412,0
DA:414,0
DA:415,0
DA:416,0
DA:419,0
DA:425,0
DA:431,0
DA:432,0
DA:433,0
DA:441,0
DA:448,0
DA:451,0
DA:461,0
DA:465,0
DA:466,0
DA:467,0
DA:469,0
DA:472,0
DA:473,0
DA:474,0
DA:477,0
DA:478,0
DA:481,0
DA:482,0
DA:483,0
DA:487,0
DA:494,0
DA:497,0
DA:500,0
DA:505,0
DA:506,0
DA:507,0
DA:509,0
DA:511,0
DA:512,0
DA:513,0
DA:516,0
DA:522,0
DA:523,0
DA:524,0
DA:525,0
DA:526,0
DA:529,0
DA:530,0
DA:532,0
DA:533,0
DA:534,0
DA:537,0
DA:543,0
DA:544,0
DA:547,0
DA:550,0
DA:551,0
DA:552,0
DA:554,0
DA:555,0
DA:559,0
DA:565,0
DA:566,0
DA:569,0
DA:570,0
DA:577,0
DA:578,0
DA:579,0
DA:581,0
DA:582,0
DA:583,0
DA:586,0
DA:592,0
DA:600,0
DA:607,0
DA:610,0
DA:613,0
DA:614,0
LF:221
LH:0
BRDA:14,0,0,0
BRDA:14,0,1,0
BRDA:14,1,0,0
BRDA:14,1,1,0
BRDA:16,2,0,0
BRDA:16,2,1,0
BRDA:35,3,0,0
BRDA:35,3,1,0
BRDA:35,3,2,0
BRDA:35,3,3,0
BRDA:35,3,4,0
BRDA:90,4,0,0
BRDA:90,4,1,0
BRDA:90,4,2,0
BRDA:90,4,3,0
BRDA:90,4,4,0
BRDA:148,5,0,0
BRDA:148,5,1,0
BRDA:148,5,2,0
BRDA:148,5,3,0
BRDA:148,5,4,0
BRDA:148,5,5,0
BRDA:148,5,6,0
BRDA:160,6,0,0
BRDA:160,6,1,0
BRDA:171,7,0,0
BRDA:171,7,1,0
BRDA:221,8,0,0
BRDA:221,8,1,0
BRDA:221,8,2,0
BRDA:221,8,3,0
BRDA:221,8,4,0
BRDA:221,8,5,0
BRDA:232,9,0,0
BRDA:232,9,1,0
BRDA:286,10,0,0
BRDA:286,10,1,0
BRDA:286,10,2,0
BRDA:286,10,3,0
BRDA:286,10,4,0
BRDA:286,10,5,0
BRDA:286,10,6,0
BRDA:286,10,7,0
BRDA:286,10,8,0
BRDA:286,10,9,0
BRDA:286,10,10,0
BRDA:288,11,0,0
BRDA:288,11,1,0
BRDA:309,12,0,0
BRDA:309,12,1,0
BRDA:326,13,0,0
BRDA:326,13,1,0
BRDA:355,14,0,0
BRDA:355,14,1,0
BRDA:401,15,0,0
BRDA:401,15,1,0
BRDA:401,15,2,0
BRDA:401,15,3,0
BRDA:401,15,4,0
BRDA:401,15,5,0
BRDA:414,16,0,0
BRDA:414,16,1,0
BRDA:467,17,0,0
BRDA:467,17,1,0
BRDA:467,17,2,0
BRDA:467,17,3,0
BRDA:467,17,4,0
BRDA:472,18,0,0
BRDA:472,18,1,0
BRDA:507,19,0,0
BRDA:507,19,1,0
BRDA:507,19,2,0
BRDA:507,19,3,0
BRDA:507,19,4,0
BRDA:507,19,5,0
BRDA:507,19,6,0
BRDA:507,19,7,0
BRDA:511,20,0,0
BRDA:511,20,1,0
BRDA:532,21,0,0
BRDA:532,21,1,0
BRDA:552,22,0,0
BRDA:552,22,1,0
BRDA:552,22,2,0
BRDA:581,23,0,0
BRDA:581,23,1,0
BRF:86
BRH:0
end_of_record
TN:
SF:g:\_projects\epic-mail\dist\v2\controllers\helpers.js
FN:16,_interopRequireDefault
FN:24,hashPassword
FN:34,comparePassword
FN:43,isValidEmail
FN:55,generateToken
FN:64,validateCreateUser
FN:126,validateUserLogin
FNF:7
FNH:0
FNDA:0,_interopRequireDefault
FNDA:0,hashPassword
FNDA:0,comparePassword
FNDA:0,isValidEmail
FNDA:0,generateToken
FNDA:0,validateCreateUser
FNDA:0,validateUserLogin
DA:3,0
DA:6,0
DA:8,0
DA:10,0
DA:12,0
DA:14,0
DA:16,0
DA:18,0
DA:25,0
DA:35,0
DA:44,0
DA:56,0
DA:62,0
DA:65,0
DA:72,0
DA:73,0
DA:76,0
DA:80,0
DA:83,0
DA:84,0
DA:87,0
DA:88,0
DA:91,0
DA:95,0
DA:98,0
DA:99,0
DA:102,0
DA:106,0
DA:109,0
DA:110,0
DA:113,0
DA:114,0
DA:117,0
DA:118,0
DA:121,0
DA:127,0
DA:134,0
DA:135,0
DA:137,0
DA:138,0
DA:141,0
DA:142,0
DA:145,0
DA:149,0
DA:152,0
DA:158,0
DA:159,0
LF:47
LH:0
BRDA:16,0,0,0
BRDA:16,0,1,0
BRDA:16,1,0,0
BRDA:16,1,1,0
BRDA:72,2,0,0
BRDA:72,2,1,0
BRDA:72,3,0,0
BRDA:72,3,1,0
BRDA:76,4,0,0
BRDA:76,4,1,0
BRDA:76,5,0,0
BRDA:76,5,1,0
BRDA:83,6,0,0
BRDA:83,6,1,0
BRDA:83,7,0,0
BRDA:83,7,1,0
BRDA:87,8,0,0
BRDA:87,8,1,0
BRDA:87,9,0,0
BRDA:87,9,1,0
BRDA:91,10,0,0
BRDA:91,10,1,0
BRDA:91,11,0,0
BRDA:91,11,1,0
BRDA:91,11,2,0
BRDA:98,12,0,0
BRDA:98,12,1,0
BRDA:102,13,0,0
BRDA:102,13,1,0
BRDA:109,14,0,0
BRDA:109,14,1,0
BRDA:109,15,0,0
BRDA:109,15,1,0
BRDA:113,16,0,0
BRDA:113,16,1,0
BRDA:117,17,0,0
BRDA:117,17,1,0
BRDA:134,18,0,0
BRDA:134,18,1,0
BRDA:135,19,0,0
BRDA:135,19,1,0
BRDA:137,20,0,0
BRDA:137,20,1,0
BRDA:141,21,0,0
BRDA:141,21,1,0
BRDA:145,22,0,0
BRDA:145,22,1,0
BRF:47
BRH:0
end_of_record
TN:
SF:g:\_projects\epic-mail\dist\v2\controllers\isValueEmply.js
FN:8,_typeof
FN:8,_typeof
FN:8,_typeof
FN:10,isValueEmpty
FNF:4
FNH:0
FNDA:0,_typeof
FNDA:0,_typeof
FNDA:0,_typeof
FNDA:0,isValueEmpty
DA:3,0
DA:6,0
DA:8,0
DA:10,0
DA:11,0
DA:12,0
DA:16,0
DA:17,0
LF:8
LH:0
BRDA:8,0,0,0
BRDA:8,0,1,0
BRDA:8,1,0,0
BRDA:8,1,1,0
BRDA:8,2,0,0
BRDA:8,2,1,0
BRDA:8,3,0,0
BRDA:8,3,1,0
BRDA:8,3,2,0
BRDA:8,3,3,0
BRDA:11,4,0,0
BRDA:11,4,1,0
BRDA:11,5,0,0
BRDA:11,5,1,0
BRDA:11,5,2,0
BRDA:11,5,3,0
BRDA:11,5,4,0
BRDA:11,5,5,0
BRDA:11,5,6,0
BRF:19
BRH:0
end_of_record
TN:
SF:g:\_projects\epic-mail\dist\v2\controllers\message.js
FN:14,_interopRequireDefault
FN:16,_objectSpread
FN:16,(anonymous_2)
FN:16,(anonymous_3)
FN:18,_defineProperty
FN:20,asyncGeneratorStep
FN:22,_asyncToGenerator
FN:22,(anonymous_7)
FN:22,(anonymous_8)
FN:22,_next
FN:22,_throw
FN:31,(anonymous_11)
FN:34,_callee
FN:37,_callee$
FN:98,sendMail
FN:111,(anonymous_15)
FN:114,_callee2
FN:117,_callee2$
FN:168,getAllMails
FN:181,(anonymous_19)
FN:184,_callee3
FN:187,_callee3$
FN:239,getAllUnreadMailByUser
FN:252,(anonymous_23)
FN:255,_callee4
FN:258,_callee4$
FN:309,getAllMailsSentByUser
FN:322,(anonymous_27)
FN:325,_callee5
FN:328,_callee5$
FN:381,getAMailRecord
FN:395,(anonymous_31)
FN:398,_callee6
FN:400,_callee6$
FN:445,deleteUserMail
FNF:35
FNH:0
FNDA:0,_interopRequireDefault
FNDA:0,_objectSpread
FNDA:0,(anonymous_2)
FNDA:0,(anonymous_3)
FNDA:0,_defineProperty
FNDA:0,asyncGeneratorStep
FNDA:0,_asyncToGenerator
FNDA:0,(anonymous_7)
FNDA:0,(anonymous_8)
FNDA:0,_next
FNDA:0,_throw
FNDA:0,(anonymous_11)
FNDA:0,_callee
FNDA:0,_callee$
FNDA:0,sendMail
FNDA:0,(anonymous_15)
FNDA:0,_callee2
FNDA:0,_callee2$
FNDA:0,getAllMails
FNDA:0,(anonymous_19)
FNDA:0,_callee3
FNDA:0,_callee3$
FNDA:0,getAllUnreadMailByUser
FNDA:0,(anonymous_23)
FNDA:0,_callee4
FNDA:0,_callee4$
FNDA:0,getAllMailsSentByUser
FNDA:0,(anonymous_27)
FNDA:0,_callee5
FNDA:0,_callee5$
FNDA:0,getAMailRecord
FNDA:0,(anonymous_31)
FNDA:0,_callee6
FNDA:0,_callee6$
FNDA:0,deleteUserMail
DA:3,0
DA:6,0
DA:8,0
DA:10,0
DA:12,0
DA:14,0
DA:16,0
DA:18,0
DA:20,0
DA:22,0
DA:24,0
DA:32,0
DA:37,0
DA:38,0
DA:39,0
DA:41,0
DA:43,0
DA:44,0
DA:45,0
DA:48,0
DA:54,0
DA:55,0
DA:56,0
DA:57,0
DA:58,0
DA:61,0
DA:62,0
DA:63,0
DA:70,0
DA:71,0
DA:73,0
DA:74,0
DA:75,0
DA:78,0
DA:84,0
DA:92,0
DA:99,0
DA:102,0
DA:112,0
DA:117,0
DA:118,0
DA:119,0
DA:121,0
DA:122,0
DA:123,0
DA:124,0
DA:127,0
DA:128,0
DA:129,0
DA:131,0
DA:132,0
DA:133,0
DA:136,0
DA:142,0
DA:152,0
DA:153,0
DA:154,0
DA:162,0
DA:169,0
DA:172,0
DA:182,0
DA:187,0
DA:188,0
DA:189,0
DA:191,0
DA:192,0
DA:193,0
DA:194,0
DA:195,0
DA:198,0
DA:199,0
DA:200,0
DA:202,0
DA:203,0
DA:204,0
DA:207,0
DA:213,0
DA:223,0
DA:224,0
DA:225,0
DA:233,0
DA:240,0
DA:243,0
DA:253,0
DA:258,0
DA:259,0
DA:260,0
DA:262,0
DA:263,0
DA:264,0
DA:265,0
DA:268,0
DA:269,0
DA:270,0
DA:272,0
DA:273,0
DA:274,0
DA:277,0
DA:283,0
DA:293,0
DA:294,0
DA:295,0
DA:303,0
DA:310,0
DA:313,0
DA:323,0
DA:328,0
DA:329,0
DA:330,0
DA:332,0
DA:333,0
DA:334,0
DA:335,0
DA:336,0
DA:339,0
DA:340,0
DA:342,0
DA:343,0
DA:344,0
DA:347,0
DA:353,0
DA:354,0
DA:355,0
DA:358,0
DA:359,0
DA:366,0
DA:367,0
DA:368,0
DA:375,0
DA:382,0
DA:385,0
DA:396,0
DA:400,0
DA:401,0
DA:402,0
DA:404,0
DA:405,0
DA:406,0
DA:407,0
DA:408,0
DA:409,0
DA:410,0
DA:413,0
DA:414,0
DA:415,0
DA:418,0
DA:419,0
DA:420,0
DA:423,0
DA:429,0
DA:430,0
DA:431,0
DA:439,0
DA:446,0
DA:449,0
DA:452,0
DA:453,0
LF:157
LH:0
BRDA:14,0,0,0
BRDA:14,0,1,0
BRDA:14,1,0,0
BRDA:14,1,1,0
BRDA:16,2,0,0
BRDA:16,2,1,0
BRDA:16,3,0,0
BRDA:16,3,1,0
BRDA:18,4,0,0
BRDA:18,4,1,0
BRDA:20,5,0,0
BRDA:20,5,1,0
BRDA:39,6,0,0
BRDA:39,6,1,0
BRDA:39,6,2,0
BRDA:39,6,3,0
BRDA:39,6,4,0
BRDA:39,6,5,0
BRDA:39,6,6,0
BRDA:43,7,0,0
BRDA:43,7,1,0
BRDA:73,8,0,0
BRDA:73,8,1,0
BRDA:119,9,0,0
BRDA:119,9,1,0
BRDA:119,9,2,0
BRDA:119,9,3,0
BRDA:119,9,4,0
BRDA:119,9,5,0
BRDA:131,10,0,0
BRDA:131,10,1,0
BRDA:189,11,0,0
BRDA:189,11,1,0
BRDA:189,11,2,0
BRDA:189,11,3,0
BRDA:189,11,4,0
BRDA:189,11,5,0
BRDA:202,12,0,0
BRDA:202,12,1,0
BRDA:260,13,0,0
BRDA:260,13,1,0
BRDA:260,13,2,0
BRDA:260,13,3,0
BRDA:260,13,4,0
BRDA:260,13,5,0
BRDA:272,14,0,0
BRDA:272,14,1,0
BRDA:330,15,0,0
BRDA:330,15,1,0
BRDA:330,15,2,0
BRDA:330,15,3,0
BRDA:330,15,4,0
BRDA:330,15,5,0
BRDA:330,15,6,0
BRDA:342,16,0,0
BRDA:342,16,1,0
BRDA:402,17,0,0
BRDA:402,17,1,0
BRDA:402,17,2,0
BRDA:402,17,3,0
BRDA:402,17,4,0
BRDA:402,17,5,0
BRDA:402,17,6,0
BRF:63
BRH:0
end_of_record
TN:
SF:g:\_projects\epic-mail\dist\v2\controllers\user.js
FN:14,_interopRequireDefault
FN:16,_objectSpread
FN:16,(anonymous_2)
FN:16,(anonymous_3)
FN:18,_defineProperty
FN:20,asyncGeneratorStep
FN:22,_asyncToGenerator
FN:22,(anonymous_7)
FN:22,(anonymous_8)
FN:22,_next
FN:22,_throw
FN:31,(anonymous_11)
FN:34,_callee
FN:37,_callee$
FN:103,signUp
FN:116,(anonymous_15)
FN:119,_callee2
FN:122,_callee2$
FN:193,loginUser
FNF:19
FNH:0
FNDA:0,_interopRequireDefault
FNDA:0,_objectSpread
FNDA:0,(anonymous_2)
FNDA:0,(anonymous_3)
FNDA:0,_defineProperty
FNDA:0,asyncGeneratorStep
FNDA:0,_asyncToGenerator
FNDA:0,(anonymous_7)
FNDA:0,(anonymous_8)
FNDA:0,_next
FNDA:0,_throw
FNDA:0,(anonymous_11)
FNDA:0,_callee
FNDA:0,_callee$
FNDA:0,signUp
FNDA:0,(anonymous_15)
FNDA:0,_callee2
FNDA:0,_callee2$
FNDA:0,loginUser
DA:3,0
DA:6,0
DA:8,0
DA:10,0
DA:12,0
DA:14,0
DA:16,0
DA:18,0
DA:20,0
DA:22,0
DA:24,0
DA:32,0
DA:37,0
DA:38,0
DA:39,0
DA:41,0
DA:42,0
DA:44,0
DA:45,0
DA:46,0
DA:49,0
DA:55,0
DA:56,0
DA:57,0
DA:58,0
DA:59,0
DA:60,0
DA:61,0
DA:64,0
DA:65,0
DA:66,0
DA:67,0
DA:76,0
DA:77,0
DA:79,0
DA:80,0
DA:81,0
DA:84,0
DA:90,0
DA:97,0
DA:104,0
DA:107,0
DA:117,0
DA:122,0
DA:123,0
DA:124,0
DA:126,0
DA:127,0
DA:129,0
DA:130,0
DA:131,0
DA:134,0
DA:140,0
DA:141,0
DA:142,0
DA:143,0
DA:146,0
DA:147,0
DA:149,0
DA:150,0
DA:151,0
DA:154,0
DA:160,0
DA:161,0
DA:162,0
DA:165,0
DA:171,0
DA:172,0
DA:181,0
DA:182,0
DA:183,0
DA:187,0
DA:194,0
DA:197,0
DA:200,0
DA:201,0
LF:76
LH:0
BRDA:14,0,0,0
BRDA:14,0,1,0
BRDA:14,1,0,0
BRDA:14,1,1,0
BRDA:16,2,0,0
BRDA:16,2,1,0
BRDA:16,3,0,0
BRDA:16,3,1,0
BRDA:18,4,0,0
BRDA:18,4,1,0
BRDA:20,5,0,0
BRDA:20,5,1,0
BRDA:39,6,0,0
BRDA:39,6,1,0
BRDA:39,6,2,0
BRDA:39,6,3,0
BRDA:39,6,4,0
BRDA:39,6,5,0
BRDA:39,6,6,0
BRDA:44,7,0,0
BRDA:44,7,1,0
BRDA:79,8,0,0
BRDA:79,8,1,0
BRDA:124,9,0,0
BRDA:124,9,1,0
BRDA:124,9,2,0
BRDA:124,9,3,0
BRDA:124,9,4,0
BRDA:124,9,5,0
BRDA:124,9,6,0
BRDA:124,9,7,0
BRDA:129,10,0,0
BRDA:129,10,1,0
BRDA:149,11,0,0
BRDA:149,11,1,0
BRDA:160,12,0,0
BRDA:160,12,1,0
BRF:37
BRH:0
end_of_record
TN:
SF:g:\_projects\epic-mail\dist\v2\db\index.js
FN:12,_interopRequireDefault
FN:45,query
FN:46,(anonymous_2)
FN:47,(anonymous_3)
FN:49,(anonymous_4)
FNF:5
FNH:0
FNDA:0,_interopRequireDefault
FNDA:0,query
FNDA:0,(anonymous_2)
FNDA:0,(anonymous_3)
FNDA:0,(anonymous_4)
DA:3,0
DA:6,0
DA:8,0
DA:10,0
DA:12,0
DA:14,0
DA:17,0
DA:19,0
DA:20,0
DA:25,0
DA:26,0
DA:31,0
DA:32,0
DA:37,0
DA:38,0
DA:46,0
DA:47,0
DA:48,0
DA:50,0
DA:55,0
LF:20
LH:0
BRDA:12,0,0,0
BRDA:12,0,1,0
BRDA:12,1,0,0
BRDA:12,1,1,0
BRDA:19,2,0,0
BRDA:19,2,1,0
BRDA:25,3,0,0
BRDA:25,3,1,0
BRDA:31,4,0,0
BRDA:31,4,1,0
BRF:10
BRH:0
end_of_record
TN:
SF:g:\_projects\epic-mail\dist\v2\middleware\auth.js
FN:12,_interopRequireDefault
FN:14,asyncGeneratorStep
FN:16,_asyncToGenerator
FN:16,(anonymous_3)
FN:16,(anonymous_4)
FN:16,_next
FN:16,_throw
FN:26,(anonymous_7)
FN:29,_callee
FN:32,_callee$
FN:95,verifyToken
FNF:11
FNH:0
FNDA:0,_interopRequireDefault
FNDA:0,asyncGeneratorStep
FNDA:0,_asyncToGenerator
FNDA:0,(anonymous_3)
FNDA:0,(anonymous_4)
FNDA:0,_next
FNDA:0,_throw
FNDA:0,(anonymous_7)
FNDA:0,_callee
FNDA:0,_callee$
FNDA:0,verifyToken
DA:3,0
DA:6,0
DA:8,0
DA:10,0
DA:12,0
DA:14,0
DA:16,0
DA:18,0
DA:27,0
DA:32,0
DA:33,0
DA:34,0
DA:36,0
DA:38,0
DA:39,0
DA:40,0
DA:43,0
DA:48,0
DA:49,0
DA:50,0
DA:53,0
DA:54,0
DA:55,0
DA:56,0
DA:59,0
DA:60,0
DA:62,0
DA:63,0
DA:64,0
DA:67,0
DA:72,0
DA:75,0
DA:76,0
DA:77,0
DA:80,0
DA:81,0
DA:82,0
DA:89,0
DA:96,0
DA:99,0
DA:102,0
DA:103,0
LF:42
LH:0
BRDA:12,0,0,0
BRDA:12,0,1,0
BRDA:12,1,0,0
BRDA:12,1,1,0
BRDA:14,2,0,0
BRDA:14,2,1,0
BRDA:34,3,0,0
BRDA:34,3,1,0
BRDA:34,3,2,0
BRDA:34,3,3,0
BRDA:34,3,4,0
BRDA:34,3,5,0
BRDA:34,3,6,0
BRDA:34,3,7,0
BRDA:38,4,0,0
BRDA:38,4,1,0
BRDA:62,5,0,0
BRDA:62,5,1,0
BRF:18
BRH:0
end_of_record
TN:
SF:g:\_projects\epic-mail\dist\v2\models\groupMemberTable.js
FN:7,_interopRequireDefault
FN:9,asyncGeneratorStep
FN:11,_asyncToGenerator
FN:11,(anonymous_3)
FN:11,(anonymous_4)
FN:11,_next
FN:11,_throw
FN:39,(anonymous_7)
FN:42,_callee
FN:44,_callee$
FN:50,(anonymous_10)
FN:52,(anonymous_11)
FN:64,createGroupMemberTable
FN:75,(anonymous_13)
FN:78,_callee2
FN:80,_callee2$
FN:86,(anonymous_16)
FN:88,(anonymous_17)
FN:100,dropGroupMemberTable
FNF:19
FNH:0
FNDA:0,_interopRequireDefault
FNDA:0,asyncGeneratorStep
FNDA:0,_asyncToGenerator
FNDA:0,(anonymous_3)
FNDA:0,(anonymous_4)
FNDA:0,_next
FNDA:0,_throw
FNDA:0,(anonymous_7)
FNDA:0,_callee
FNDA:0,_callee$
FNDA:0,(anonymous_10)
FNDA:0,(anonymous_11)
FNDA:0,createGroupMemberTable
FNDA:0,(anonymous_13)
FNDA:0,_callee2
FNDA:0,_callee2$
FNDA:0,(anonymous_16)
FNDA:0,(anonymous_17)
FNDA:0,dropGroupMemberTable
DA:3,0
DA:5,0
DA:7,0
DA:9,0
DA:11,0
DA:13,0
DA:16,0
DA:18,0
DA:19,0
DA:24,0
DA:25,0
DA:30,0
DA:31,0
DA:39,0
DA:40,0
DA:44,0
DA:45,0
DA:46,0
DA:48,0
DA:49,0
DA:50,0
DA:51,0
DA:53,0
DA:58,0
DA:64,0
DA:65,0
DA:75,0
DA:76,0
DA:80,0
DA:81,0
DA:82,0
DA:84,0
DA:85,0
DA:86,0
DA:87,0
DA:89,0
DA:94,0
DA:100,0
DA:101,0
DA:105,0
LF:40
LH:0
BRDA:7,0,0,0
BRDA:7,0,1,0
BRDA:7,1,0,0
BRDA:7,1,1,0
BRDA:9,2,0,0
BRDA:9,2,1,0
BRDA:18,3,0,0
BRDA:18,3,1,0
BRDA:24,4,0,0
BRDA:24,4,1,0
BRDA:30,5,0,0
BRDA:30,5,1,0
BRDA:46,6,0,0
BRDA:46,6,1,0
BRDA:46,6,2,0
BRDA:82,7,0,0
BRDA:82,7,1,0
BRDA:82,7,2,0
BRF:18
BRH:0
end_of_record
TN:
SF:g:\_projects\epic-mail\dist\v2\models\groupTable.js
FN:7,_interopRequireDefault
FN:9,asyncGeneratorStep
FN:11,_asyncToGenerator
FN:11,(anonymous_3)
FN:11,(anonymous_4)
FN:11,_next
FN:11,_throw
FN:39,(anonymous_7)
FN:42,_callee
FN:44,_callee$
FN:50,(anonymous_10)
FN:52,(anonymous_11)
FN:64,createGroupTable
FN:75,(anonymous_13)
FN:78,_callee2
FN:80,_callee2$
FN:86,(anonymous_16)
FN:88,(anonymous_17)
FN:100,dropGroupTable
FNF:19
FNH:0
FNDA:0,_interopRequireDefault
FNDA:0,asyncGeneratorStep
FNDA:0,_asyncToGenerator
FNDA:0,(anonymous_3)
FNDA:0,(anonymous_4)
FNDA:0,_next
FNDA:0,_throw
FNDA:0,(anonymous_7)
FNDA:0,_callee
FNDA:0,_callee$
FNDA:0,(anonymous_10)
FNDA:0,(anonymous_11)
FNDA:0,createGroupTable
FNDA:0,(anonymous_13)
FNDA:0,_callee2
FNDA:0,_callee2$
FNDA:0,(anonymous_16)
FNDA:0,(anonymous_17)
FNDA:0,dropGroupTable
DA:3,0
DA:5,0
DA:7,0
DA:9,0
DA:11,0
DA:13,0
DA:16,0
DA:18,0
DA:19,0
DA:24,0
DA:25,0
DA:30,0
DA:31,0
DA:39,0
DA:40,0
DA:44,0
DA:45,0
DA:46,0
DA:48,0
DA:49,0
DA:50,0
DA:51,0
DA:53,0
DA:58,0
DA:64,0
DA:65,0
DA:75,0
DA:76,0
DA:80,0
DA:81,0
DA:82,0
DA:84,0
DA:85,0
DA:86,0
DA:87,0
DA:89,0
DA:94,0
DA:100,0
DA:101,0
DA:105,0
LF:40
LH:0
BRDA:7,0,0,0
BRDA:7,0,1,0
BRDA:7,1,0,0
BRDA:7,1,1,0
BRDA:9,2,0,0
BRDA:9,2,1,0
BRDA:18,3,0,0
BRDA:18,3,1,0
BRDA:24,4,0,0
BRDA:24,4,1,0
BRDA:30,5,0,0
BRDA:30,5,1,0
BRDA:46,6,0,0
BRDA:46,6,1,0
BRDA:46,6,2,0
BRDA:82,7,0,0
BRDA:82,7,1,0
BRDA:82,7,2,0
BRF:18
BRH:0
end_of_record
TN:
SF:g:\_projects\epic-mail\dist\v2\models\index.js
FN:15,_interopRequireDefault
FN:17,asyncGeneratorStep
FN:19,_asyncToGenerator
FN:19,(anonymous_3)
FN:19,(anonymous_4)
FN:19,_next
FN:19,_throw
FN:44,(anonymous_7)
FN:50,(anonymous_8)
FN:53,_callee
FN:54,_callee$
FN:91,createTables
FN:98,(anonymous_12)
FN:101,_callee2
FN:102,_callee2$
FN:138,dropTables
FNF:16
FNH:0
FNDA:0,_interopRequireDefault
FNDA:0,asyncGeneratorStep
FNDA:0,_asyncToGenerator
FNDA:0,(anonymous_3)
FNDA:0,(anonymous_4)
FNDA:0,_next
FNDA:0,_throw
FNDA:0,(anonymous_7)
FNDA:0,(anonymous_8)
FNDA:0,_callee
FNDA:0,_callee$
FNDA:0,createTables
FNDA:0,(anonymous_12)
FNDA:0,_callee2
FNDA:0,_callee2$
FNDA:0,dropTables
DA:3,0
DA:5,0
DA:7,0
DA:9,0
DA:11,0
DA:13,0
DA:15,0
DA:17,0
DA:19,0
DA:21,0
DA:24,0
DA:26,0
DA:27,0
DA:32,0
DA:33,0
DA:38,0
DA:39,0
DA:44,0
DA:45,0
DA:50,0
DA:51,0
DA:54,0
DA:55,0
DA:56,0
DA:58,0
DA:59,0
DA:60,0
DA:63,0
DA:64,0
DA:67,0
DA:68,0
DA:71,0
DA:72,0
DA:75,0
DA:76,0
DA:79,0
DA:80,0
DA:81,0
DA:85,0
DA:91,0
DA:92,0
DA:98,0
DA:99,0
DA:102,0
DA:103,0
DA:104,0
DA:106,0
DA:107,0
DA:108,0
DA:111,0
DA:112,0
DA:115,0
DA:116,0
DA:119,0
DA:120,0
DA:123,0
DA:124,0
DA:127,0
DA:128,0
DA:132,0
DA:138,0
DA:139,0
DA:143,0
DA:148,0
LF:64
LH:0
BRDA:15,0,0,0
BRDA:15,0,1,0
BRDA:15,1,0,0
BRDA:15,1,1,0
BRDA:17,2,0,0
BRDA:17,2,1,0
BRDA:26,3,0,0
BRDA:26,3,1,0
BRDA:32,4,0,0
BRDA:32,4,1,0
BRDA:38,5,0,0
BRDA:38,5,1,0
BRDA:56,6,0,0
BRDA:56,6,1,0
BRDA:56,6,2,0
BRDA:56,6,3,0
BRDA:56,6,4,0
BRDA:56,6,5,0
BRDA:56,6,6,0
BRDA:56,6,7,0
BRDA:104,7,0,0
BRDA:104,7,1,0
BRDA:104,7,2,0
BRDA:104,7,3,0
BRDA:104,7,4,0
BRDA:104,7,5,0
BRDA:104,7,6,0
BRDA:104,7,7,0
BRF:28
BRH:0
end_of_record
TN:
SF:g:\_projects\epic-mail\dist\v2\models\messageTable.js
FN:7,_interopRequireDefault
FN:9,asyncGeneratorStep
FN:11,_asyncToGenerator
FN:11,(anonymous_3)
FN:11,(anonymous_4)
FN:11,_next
FN:11,_throw
FN:39,(anonymous_7)
FN:42,_callee
FN:44,_callee$
FN:50,(anonymous_10)
FN:52,(anonymous_11)
FN:64,createMessageTable
FN:75,(anonymous_13)
FN:78,_callee2
FN:80,_callee2$
FN:86,(anonymous_16)
FN:88,(anonymous_17)
FN:100,dropMessageTable
FNF:19
FNH:0
FNDA:0,_interopRequireDefault
FNDA:0,asyncGeneratorStep
FNDA:0,_asyncToGenerator
FNDA:0,(anonymous_3)
FNDA:0,(anonymous_4)
FNDA:0,_next
FNDA:0,_throw
FNDA:0,(anonymous_7)
FNDA:0,_callee
FNDA:0,_callee$
FNDA:0,(anonymous_10)
FNDA:0,(anonymous_11)
FNDA:0,createMessageTable
FNDA:0,(anonymous_13)
FNDA:0,_callee2
FNDA:0,_callee2$
FNDA:0,(anonymous_16)
FNDA:0,(anonymous_17)
FNDA:0,dropMessageTable
DA:3,0
DA:5,0
DA:7,0
DA:9,0
DA:11,0
DA:13,0
DA:16,0
DA:18,0
DA:19,0
DA:24,0
DA:25,0
DA:30,0
DA:31,0
DA:39,0
DA:40,0
DA:44,0
DA:45,0
DA:46,0
DA:48,0
DA:49,0
DA:50,0
DA:51,0
DA:53,0
DA:58,0
DA:64,0
DA:65,0
DA:75,0
DA:76,0
DA:80,0
DA:81,0
DA:82,0
DA:84,0
DA:85,0
DA:86,0
DA:87,0
DA:89,0
DA:94,0
DA:100,0
DA:101,0
DA:105,0
LF:40
LH:0
BRDA:7,0,0,0
BRDA:7,0,1,0
BRDA:7,1,0,0
BRDA:7,1,1,0
BRDA:9,2,0,0
BRDA:9,2,1,0
BRDA:18,3,0,0
BRDA:18,3,1,0
BRDA:24,4,0,0
BRDA:24,4,1,0
BRDA:30,5,0,0
BRDA:30,5,1,0
BRDA:46,6,0,0
BRDA:46,6,1,0
BRDA:46,6,2,0
BRDA:82,7,0,0
BRDA:82,7,1,0
BRDA:82,7,2,0
BRF:18
BRH:0
end_of_record
TN:
SF:g:\_projects\epic-mail\dist\v2\models\userTable.js
FN:9,_interopRequireDefault
FN:11,asyncGeneratorStep
FN:13,_asyncToGenerator
FN:13,(anonymous_3)
FN:13,(anonymous_4)
FN:13,_next
FN:13,_throw
FN:44,(anonymous_7)
FN:47,_callee
FN:49,_callee$
FN:55,(anonymous_10)
FN:57,(anonymous_11)
FN:69,createUserTable
FN:80,(anonymous_13)
FN:83,_callee2
FN:85,_callee2$
FN:91,(anonymous_16)
FN:93,(anonymous_17)
FN:105,dropUserTable
FNF:19
FNH:0
FNDA:0,_interopRequireDefault
FNDA:0,asyncGeneratorStep
FNDA:0,_asyncToGenerator
FNDA:0,(anonymous_3)
FNDA:0,(anonymous_4)
FNDA:0,_next
FNDA:0,_throw
FNDA:0,(anonymous_7)
FNDA:0,_callee
FNDA:0,_callee$
FNDA:0,(anonymous_10)
FNDA:0,(anonymous_11)
FNDA:0,createUserTable
FNDA:0,(anonymous_13)
FNDA:0,_callee2
FNDA:0,_callee2$
FNDA:0,(anonymous_16)
FNDA:0,(anonymous_17)
FNDA:0,dropUserTable
DA:3,0
DA:5,0
DA:7,0
DA:9,0
DA:11,0
DA:13,0
DA:15,0
DA:18,0
DA:20,0
DA:21,0
DA:26,0
DA:27,0
DA:32,0
DA:33,0
DA:44,0
DA:45,0
DA:49,0
DA:50,0
DA:51,0
DA:53,0
DA:54,0
DA:55,0
DA:56,0
DA:58,0
DA:63,0
DA:69,0
DA:70,0
DA:80,0
DA:81,0
DA:85,0
DA:86,0
DA:87,0
DA:89,0
DA:90,0
DA:91,0
DA:92,0
DA:94,0
DA:99,0
DA:105,0
DA:106,0
DA:110,0
LF:41
LH:0
BRDA:9,0,0,0
BRDA:9,0,1,0
BRDA:9,1,0,0
BRDA:9,1,1,0
BRDA:11,2,0,0
BRDA:11,2,1,0
BRDA:20,3,0,0
BRDA:20,3,1,0
BRDA:26,4,0,0
BRDA:26,4,1,0
BRDA:32,5,0,0
BRDA:32,5,1,0
BRDA:51,6,0,0
BRDA:51,6,1,0
BRDA:51,6,2,0
BRDA:87,7,0,0
BRDA:87,7,1,0
BRDA:87,7,2,0
BRF:18
BRH:0
end_of_record
TN:
SF:g:\_projects\epic-mail\server\app.js
FN:23,(anonymous_0)
FNF:1
FNH:0
FNDA:0,(anonymous_0)
DA:11,0
DA:15,0
DA:17,0
DA:18,0
DA:21,0
DA:23,0
DA:24,0
DA:26,0
DA:28,0
DA:30,0
LF:10
LH:0
BRDA:28,0,0,0
BRDA:28,0,1,0
BRF:2
BRH:0
end_of_record
TN:
SF:g:\_projects\epic-mail\server\controllers\group.js
FN:259,(anonymous_0)
FNF:1
FNH:0
FNDA:0,(anonymous_0)
DA:5,0
DA:13,0
DA:14,0
DA:18,0
DA:28,0
DA:29,0
DA:30,0
DA:36,0
DA:49,0
DA:50,0
DA:51,0
DA:52,0
DA:58,0
DA:72,0
DA:73,0
DA:75,0
DA:76,0
DA:77,0
DA:78,0
DA:83,0
DA:88,0
DA:89,0
DA:95,0
DA:109,0
DA:110,0
DA:111,0
DA:112,0
DA:113,0
DA:118,0
DA:123,0
DA:137,0
DA:138,0
DA:143,0
DA:144,0
DA:145,0
DA:149,0
DA:150,0
DA:151,0
DA:156,0
DA:157,0
DA:158,0
DA:163,0
DA:169,0
DA:170,0
DA:171,0
DA:177,0
DA:178,0
DA:183,0
DA:197,0
DA:198,0
DA:199,0
DA:203,0
DA:204,0
DA:205,0
DA:206,0
DA:211,0
DA:216,0
DA:231,0
DA:232,0
DA:237,0
DA:238,0
DA:239,0
DA:244,0
DA:245,0
DA:249,0
DA:250,0
DA:251,0
DA:252,0
DA:257,0
DA:259,0
DA:260,0
DA:272,0
DA:273,0
DA:279,0
DA:280,0
DA:281,0
DA:286,0
LF:77
LH:0
BRDA:77,0,0,0
BRDA:77,0,1,0
BRDA:84,1,0,0
BRDA:84,1,1,0
BRDA:112,2,0,0
BRDA:112,2,1,0
BRDA:137,3,0,0
BRDA:137,3,1,0
BRDA:150,4,0,0
BRDA:150,4,1,0
BRDA:157,5,0,0
BRDA:157,5,1,0
BRDA:177,6,0,0
BRDA:177,6,1,0
BRDA:205,7,0,0
BRDA:205,7,1,0
BRDA:238,8,0,0
BRDA:238,8,1,0
BRDA:251,9,0,0
BRDA:251,9,1,0
BRDA:280,10,0,0
BRDA:280,10,1,0
BRF:22
BRH:0
end_of_record
TN:
SF:g:\_projects\epic-mail\server\controllers\message.js
FNF:0
FNH:0
DA:5,0
DA:13,0
DA:14,0
DA:15,0
DA:20,0
DA:24,0
DA:36,0
DA:37,0
DA:38,0
DA:44,0
DA:45,0
DA:50,0
DA:64,0
DA:65,0
DA:66,0
DA:67,0
DA:68,0
DA:73,0
DA:79,0
DA:93,0
DA:94,0
DA:98,0
DA:99,0
DA:100,0
DA:101,0
DA:106,0
DA:112,0
DA:126,0
DA:127,0
DA:128,0
DA:129,0
DA:130,0
DA:135,0
DA:141,0
DA:155,0
DA:156,0
DA:158,0
DA:159,0
DA:160,0
DA:161,0
DA:166,0
DA:170,0
DA:171,0
DA:177,0
DA:191,0
DA:192,0
DA:193,0
DA:194,0
DA:195,0
DA:200,0
DA:201,0
DA:206,0
DA:207,0
DA:211,0
DA:212,0
DA:217,0
LF:56
LH:0
BRDA:14,0,0,0
BRDA:14,0,1,0
BRDA:44,1,0,0
BRDA:44,1,1,0
BRDA:67,2,0,0
BRDA:67,2,1,0
BRDA:100,3,0,0
BRDA:100,3,1,0
BRDA:129,4,0,0
BRDA:129,4,1,0
BRDA:160,5,0,0
BRDA:160,5,1,0
BRF:12
BRH:0
end_of_record
TN:
SF:g:\_projects\epic-mail\server\controllers\user.js
FNF:0
FNH:0
DA:5,0
DA:13,0
DA:14,0
DA:15,0
DA:16,0
DA:23,0
DA:25,0
DA:27,0
DA:31,0
DA:39,0
DA:40,0
DA:41,0
DA:42,0
DA:48,0
DA:49,0
DA:54,0
DA:67,0
DA:68,0
DA:69,0
DA:70,0
DA:75,0
DA:76,0
DA:77,0
DA:78,0
DA:79,0
DA:84,0
DA:85,0
DA:90,0
DA:91,0
DA:97,0
LF:30
LH:0
BRDA:15,0,0,0
BRDA:15,0,1,0
BRDA:48,1,0,0
BRDA:48,1,1,0
BRDA:69,2,0,0
BRDA:69,2,1,0
BRDA:78,3,0,0
BRDA:78,3,1,0
BRDA:84,4,0,0
BRDA:84,4,1,0
BRF:10
BRH:0
end_of_record
TN:
SF:g:\_projects\epic-mail\server\db\index.js
FN:33,(anonymous_0)
FN:35,(anonymous_1)
FN:38,(anonymous_2)
FNF:3
FNH:0
FNDA:0,(anonymous_0)
FNDA:0,(anonymous_1)
FNDA:0,(anonymous_2)
DA:4,0
DA:6,0
DA:8,0
DA:9,0
DA:13,0
DA:14,0
DA:18,0
DA:19,0
DA:24,0
DA:33,0
DA:34,0
DA:36,0
DA:39,0
LF:13
LH:0
BRDA:8,0,0,0
BRDA:8,0,1,0
BRDA:13,1,0,0
BRDA:13,1,1,0
BRDA:18,2,0,0
BRDA:18,2,1,0
BRF:6
BRH:0
end_of_record
TN:
SF:g:\_projects\epic-mail\server\helpers\helpers.js
FNF:0
FNH:0
DA:6,0
DA:13,0
DA:22,0
DA:30,0
DA:41,0
DA:45,0
DA:49,0
DA:57,0
DA:58,0
DA:61,0
DA:63,0
DA:66,0
DA:67,0
DA:70,0
DA:71,0
DA:73,0
DA:76,0
DA:79,0
DA:80,0
DA:83,0
DA:84,0
DA:87,0
DA:88,0
DA:91,0
DA:92,0
DA:95,0
DA:96,0
DA:99,0
DA:105,0
DA:112,0
DA:113,0
DA:116,0
DA:117,0
DA:120,0
DA:121,0
DA:124,0
DA:125,0
DA:128,0
LF:38
LH:0
BRDA:57,0,0,0
BRDA:57,0,1,0
BRDA:57,1,0,0
BRDA:57,1,1,0
BRDA:61,2,0,0
BRDA:61,2,1,0
BRDA:61,3,0,0
BRDA:61,3,1,0
BRDA:66,4,0,0
BRDA:66,4,1,0
BRDA:66,5,0,0
BRDA:66,5,1,0
BRDA:70,6,0,0
BRDA:70,6,1,0
BRDA:70,7,0,0
BRDA:70,7,1,0
BRDA:73,8,0,0
BRDA:73,8,1,0
BRDA:73,9,0,0
BRDA:73,9,1,0
BRDA:73,9,2,0
BRDA:79,10,0,0
BRDA:79,10,1,0
BRDA:83,11,0,0
BRDA:83,11,1,0
BRDA:87,12,0,0
BRDA:87,12,1,0
BRDA:87,13,0,0
BRDA:87,13,1,0
BRDA:91,14,0,0
BRDA:91,14,1,0
BRDA:95,15,0,0
BRDA:95,15,1,0
BRDA:112,16,0,0
BRDA:112,16,1,0
BRDA:113,17,0,0
BRDA:113,17,1,0
BRDA:116,18,0,0
BRDA:116,18,1,0
BRDA:120,19,0,0
BRDA:120,19,1,0
BRDA:124,20,0,0
BRDA:124,20,1,0
BRF:43
BRH:0
end_of_record
TN:
SF:g:\_projects\epic-mail\server\helpers\isValueEmply.js
FN:2,(anonymous_0)
FNF:1
FNH:0
FNDA:0,(anonymous_0)
DA:2,0
DA:3,0
DA:9,0
LF:3
LH:0
BRDA:3,0,0,0
BRDA:3,0,1,0
BRDA:3,1,0,0
BRDA:3,1,1,0
BRDA:3,1,2,0
BRDA:3,1,3,0
BRDA:3,1,4,0
BRDA:3,1,5,0
BRDA:3,1,6,0
BRF:9
BRH:0
end_of_record
TN:
SF:g:\_projects\epic-mail\server\middleware\auth.js
FNF:0
FNH:0
DA:4,0
DA:13,0
DA:14,0
DA:15,0
DA:17,0
DA:18,0
DA:19,0
DA:20,0
DA:21,0
DA:22,0
DA:24,0
DA:25,0
DA:27,0
LF:13
LH:0
BRDA:14,0,0,0
BRDA:14,0,1,0
BRDA:21,1,0,0
BRDA:21,1,1,0
BRF:4
BRH:0
end_of_record
TN:
SF:g:\_projects\epic-mail\server\models\groupMemberTable.js
FN:28,(anonymous_0)
FN:40,(anonymous_1)
FN:43,(anonymous_2)
FN:51,(anonymous_3)
FN:54,(anonymous_4)
FN:57,(anonymous_5)
FNF:6
FNH:0
FNDA:0,(anonymous_0)
FNDA:0,(anonymous_1)
FNDA:0,(anonymous_2)
FNDA:0,(anonymous_3)
FNDA:0,(anonymous_4)
FNDA:0,(anonymous_5)
DA:4,0
DA:7,0
DA:9,0
DA:10,0
DA:14,0
DA:15,0
DA:19,0
DA:20,0
DA:28,0
DA:29,0
DA:39,0
DA:41,0
DA:44,0
DA:51,0
DA:52,0
DA:53,0
DA:55,0
DA:58,0
DA:62,0
LF:19
LH:0
BRDA:9,0,0,0
BRDA:9,0,1,0
BRDA:14,1,0,0
BRDA:14,1,1,0
BRDA:19,2,0,0
BRDA:19,2,1,0
BRF:6
BRH:0
end_of_record
TN:
SF:g:\_projects\epic-mail\server\models\groupTable.js
FN:29,(anonymous_0)
FN:44,(anonymous_1)
FN:47,(anonymous_2)
FN:55,(anonymous_3)
FN:58,(anonymous_4)
FN:61,(anonymous_5)
FNF:6
FNH:0
FNDA:0,(anonymous_0)
FNDA:0,(anonymous_1)
FNDA:0,(anonymous_2)
FNDA:0,(anonymous_3)
FNDA:0,(anonymous_4)
FNDA:0,(anonymous_5)
DA:4,0
DA:7,0
DA:9,0
DA:10,0
DA:14,0
DA:15,0
DA:19,0
DA:20,0
DA:29,0
DA:30,0
DA:43,0
DA:45,0
DA:48,0
DA:55,0
DA:56,0
DA:57,0
DA:59,0
DA:62,0
DA:67,0
LF:19
LH:0
BRDA:9,0,0,0
BRDA:9,0,1,0
BRDA:14,1,0,0
BRDA:14,1,1,0
BRDA:19,2,0,0
BRDA:19,2,1,0
BRF:6
BRH:0
end_of_record
TN:
SF:g:\_projects\epic-mail\server\models\index.js
FN:32,(anonymous_0)
FN:36,(anonymous_1)
FN:47,(anonymous_2)
FNF:3
FNH:0
FNDA:0,(anonymous_0)
FNDA:0,(anonymous_1)
FNDA:0,(anonymous_2)
DA:10,0
DA:13,0
DA:15,0
DA:16,0
DA:20,0
DA:21,0
DA:25,0
DA:26,0
DA:32,0
DA:33,0
DA:36,0
DA:37,0
DA:38,0
DA:39,0
DA:40,0
DA:41,0
DA:43,0
DA:47,0
DA:48,0
DA:49,0
DA:50,0
DA:51,0
DA:52,0
DA:57,0
DA:61,0
LF:25
LH:0
BRDA:15,0,0,0
BRDA:15,0,1,0
BRDA:20,1,0,0
BRDA:20,1,1,0
BRDA:25,2,0,0
BRDA:25,2,1,0
BRF:6
BRH:0
end_of_record
TN:
SF:g:\_projects\epic-mail\server\models\messageTable.js
FN:28,(anonymous_0)
FN:46,(anonymous_1)
FN:49,(anonymous_2)
FN:57,(anonymous_3)
FN:60,(anonymous_4)
FN:63,(anonymous_5)
FNF:6
FNH:0
FNDA:0,(anonymous_0)
FNDA:0,(anonymous_1)
FNDA:0,(anonymous_2)
FNDA:0,(anonymous_3)
FNDA:0,(anonymous_4)
FNDA:0,(anonymous_5)
DA:4,0
DA:7,0
DA:9,0
DA:10,0
DA:14,0
DA:15,0
DA:19,0
DA:20,0
DA:28,0
DA:29,0
DA:45,0
DA:47,0
DA:50,0
DA:57,0
DA:58,0
DA:59,0
DA:61,0
DA:64,0
DA:69,0
LF:19
LH:0
BRDA:9,0,0,0
BRDA:9,0,1,0
BRDA:14,1,0,0
BRDA:14,1,1,0
BRDA:19,2,0,0
BRDA:19,2,1,0
BRF:6
BRH:0
end_of_record
TN:
SF:g:\_projects\epic-mail\server\models\userTable.js
FN:30,(anonymous_0)
FN:43,(anonymous_1)
FN:46,(anonymous_2)
FN:54,(anonymous_3)
FN:57,(anonymous_4)
FN:60,(anonymous_5)
FNF:6
FNH:0
FNDA:0,(anonymous_0)
FNDA:0,(anonymous_1)
FNDA:0,(anonymous_2)
FNDA:0,(anonymous_3)
FNDA:0,(anonymous_4)
FNDA:0,(anonymous_5)
DA:6,0
DA:9,0
DA:11,0
DA:12,0
DA:16,0
DA:17,0
DA:21,0
DA:22,0
DA:30,0
DA:31,0
DA:42,0
DA:44,0
DA:47,0
DA:54,0
DA:55,0
DA:56,0
DA:58,0
DA:61,0
DA:66,0
LF:19
LH:0
BRDA:11,0,0,0
BRDA:11,0,1,0
BRDA:16,1,0,0
BRDA:16,1,1,0
BRDA:21,2,0,0
BRDA:21,2,1,0
BRF:6
BRH:0
end_of_record
TN:
SF:g:\_projects\epic-mail\server\routes\index.js
FNF:0
FNH:0
DA:7,0
DA:10,0
DA:13,0
DA:16,0
DA:19,0
DA:22,0
DA:25,0
DA:28,0
DA:31,0
DA:34,0
DA:37,0
DA:40,0
DA:43,0
DA:46,0
DA:49,0
DA:52,0
DA:54,0
LF:17
LH:0
BRF:0
BRH:0
end_of_record
TN:
SF:g:\_projects\epic-mail\ui\assets\js\draft.js
FN:2,(anonymous_0)
FN:7,(anonymous_1)
FN:12,(anonymous_2)
FN:15,(anonymous_3)
FNF:4
FNH:0
FNDA:0,(anonymous_0)
FNDA:0,(anonymous_1)
FNDA:0,(anonymous_2)
FNDA:0,(anonymous_3)
DA:2,0
DA:3,0
DA:5,0
DA:7,0
DA:8,0
DA:10,0
DA:12,0
DA:13,0
DA:15,0
DA:16,0
LF:10
LH:0
BRF:0
BRH:0
end_of_record
TN:
SF:g:\_projects\epic-mail\ui\assets\js\fadeInMobile.js
FN:1,(anonymous_0)
FN:3,(anonymous_1)
FN:8,(anonymous_2)
FN:10,(anonymous_3)
FNF:4
FNH:0
FNDA:0,(anonymous_0)
FNDA:0,(anonymous_1)
FNDA:0,(anonymous_2)
FNDA:0,(anonymous_3)
DA:1,0
DA:2,0
DA:3,0
DA:4,0
DA:8,0
DA:9,0
DA:10,0
DA:11,0
LF:8
LH:0
BRF:0
BRH:0
end_of_record
TN:
SF:g:\_projects\epic-mail\ui\assets\js\group.js
FN:1,(anonymous_0)
FN:6,(anonymous_1)
FNF:2
FNH:0
FNDA:0,(anonymous_0)
FNDA:0,(anonymous_1)
DA:1,0
DA:2,0
DA:4,0
DA:6,0
DA:7,0
DA:9,0
LF:6
LH:0
BRF:0
BRH:0
end_of_record
TN:
SF:g:\_projects\epic-mail\ui\assets\js\mailbox.js
FN:2,(anonymous_0)
FN:7,(anonymous_1)
FN:12,(anonymous_2)
FN:15,(anonymous_3)
FNF:4
FNH:0
FNDA:0,(anonymous_0)
FNDA:0,(anonymous_1)
FNDA:0,(anonymous_2)
FNDA:0,(anonymous_3)
DA:2,0
DA:3,0
DA:5,0
DA:7,0
DA:8,0
DA:10,0
DA:12,0
DA:13,0
DA:15,0
DA:16,0
LF:10
LH:0
BRF:0
BRH:0
end_of_record
TN:
SF:g:\_projects\epic-mail\ui\assets\js\searchMobile.js
FN:1,(anonymous_0)
FNF:1
FNH:0
FNDA:0,(anonymous_0)
DA:1,0
DA:2,0
DA:3,0
DA:4,0
DA:5,0
DA:6,0
DA:8,0
DA:9,0
DA:10,0
LF:9
LH:0
BRDA:3,0,0,0
BRDA:3,0,1,0
BRF:2
BRH:0
end_of_record
TN:
SF:g:\_projects\epic-mail\ui\assets\js\sent.js
FN:2,(anonymous_0)
FN:7,(anonymous_1)
FN:12,(anonymous_2)
FN:15,(anonymous_3)
FNF:4
FNH:0
FNDA:0,(anonymous_0)
FNDA:0,(anonymous_1)
FNDA:0,(anonymous_2)
FNDA:0,(anonymous_3)
DA:2,0
DA:3,0
DA:5,0
DA:7,0
DA:8,0
DA:10,0
DA:12,0
DA:13,0
DA:15,0
DA:16,0
LF:10
LH:0
BRF:0
BRH:0
end_of_record
TN:
SF:g:\_projects\epic-mail\ui\assets\js\trash.js
FN:2,(anonymous_0)
FN:7,(anonymous_1)
FN:12,(anonymous_2)
FN:15,(anonymous_3)
FNF:4
FNH:0
FNDA:0,(anonymous_0)
FNDA:0,(anonymous_1)
FNDA:0,(anonymous_2)
FNDA:0,(anonymous_3)
DA:2,0
DA:3,0
DA:5,0
DA:7,0
DA:8,0
DA:10,0
DA:12,0
DA:13,0
DA:15,0
DA:16,0
LF:10
LH:0
BRF:0
BRH:0
end_of_record
